<?xml version="1.0" encoding="UTF-8"?>
<testng-results ignored="0" total="17" passed="16" failed="1" skipped="0">
  <reporter-output>
  </reporter-output>
  <suite started-at="2021-09-25T23:12:22 IST" name="Suite" finished-at="2021-09-25T23:14:11 IST" duration-ms="108784">
    <groups>
    </groups>
    <test started-at="2021-09-25T23:12:22 IST" name="Title" finished-at="2021-09-25T23:12:32 IST" duration-ms="10517">
      <class name="Academy.E2Eproject.validatetitle">
        <test-method is-config="true" signature="initialize()[pri:0, instance:Academy.E2Eproject.validatetitle@33fe57a9]" started-at="2021-09-25T23:12:22 IST" name="initialize" finished-at="2021-09-25T23:12:30 IST" duration-ms="7990" status="PASS">
          <reporter-output>
          </reporter-output>
        </test-method> <!-- initialize -->
        <test-method signature="basePageNavigation()[pri:0, instance:Academy.E2Eproject.validatetitle@33fe57a9]" started-at="2021-09-25T23:12:30 IST" name="basePageNavigation" finished-at="2021-09-25T23:12:30 IST" duration-ms="33" status="FAIL">
          <exception class="java.lang.AssertionError">
            <message>
              <![CDATA[expected [true] but found [false]]]>
            </message>
            <full-stacktrace>
              <![CDATA[java.lang.AssertionError: expected [true] but found [false]
at org.testng.Assert.fail(Assert.java:99)
at org.testng.Assert.failNotEquals(Assert.java:1037)
at org.testng.Assert.assertTrue(Assert.java:45)
at org.testng.Assert.assertTrue(Assert.java:55)
at Academy.E2Eproject.validatetitle.basePageNavigation(validatetitle.java:43)
at java.base/jdk.internal.reflect.NativeMethodAccessorImpl.invoke0(Native Method)
at java.base/jdk.internal.reflect.NativeMethodAccessorImpl.invoke(NativeMethodAccessorImpl.java:62)
at java.base/jdk.internal.reflect.DelegatingMethodAccessorImpl.invoke(DelegatingMethodAccessorImpl.java:43)
at java.base/java.lang.reflect.Method.invoke(Method.java:564)
at org.testng.internal.MethodInvocationHelper.invokeMethod(MethodInvocationHelper.java:133)
at org.testng.internal.TestInvoker.invokeMethod(TestInvoker.java:598)
at org.testng.internal.TestInvoker.invokeTestMethod(TestInvoker.java:173)
at org.testng.internal.MethodRunner.runInSequence(MethodRunner.java:46)
at org.testng.internal.TestInvoker$MethodInvocationAgent.invoke(TestInvoker.java:824)
at org.testng.internal.TestInvoker.invokeTestMethods(TestInvoker.java:146)
at org.testng.internal.TestMethodWorker.invokeTestMethods(TestMethodWorker.java:146)
at org.testng.internal.TestMethodWorker.run(TestMethodWorker.java:128)
at java.base/java.util.ArrayList.forEach(ArrayList.java:1511)
at org.testng.TestRunner.privateRun(TestRunner.java:794)
at org.testng.TestRunner.run(TestRunner.java:596)
at org.testng.SuiteRunner.runTest(SuiteRunner.java:377)
at org.testng.SuiteRunner.runSequentially(SuiteRunner.java:371)
at org.testng.SuiteRunner.privateRun(SuiteRunner.java:332)
at org.testng.SuiteRunner.run(SuiteRunner.java:276)
at org.testng.SuiteRunnerWorker.runSuite(SuiteRunnerWorker.java:53)
at org.testng.SuiteRunnerWorker.run(SuiteRunnerWorker.java:96)
at org.testng.TestNG.runSuitesSequentially(TestNG.java:1212)
at org.testng.TestNG.runSuitesLocally(TestNG.java:1134)
at org.testng.TestNG.runSuites(TestNG.java:1063)
at org.testng.TestNG.run(TestNG.java:1031)
at org.testng.remote.AbstractRemoteTestNG.run(AbstractRemoteTestNG.java:115)
at org.testng.remote.RemoteTestNG.initAndRun(RemoteTestNG.java:251)
at org.testng.remote.RemoteTestNG.main(RemoteTestNG.java:77)
]]>
            </full-stacktrace>
          </exception> <!-- java.lang.AssertionError -->
          <reporter-output>
          </reporter-output>
        </test-method> <!-- basePageNavigation -->
        <test-method is-config="true" signature="teardown()[pri:0, instance:Academy.E2Eproject.validatetitle@33fe57a9]" started-at="2021-09-25T23:12:31 IST" name="teardown" finished-at="2021-09-25T23:12:32 IST" duration-ms="1276" status="PASS">
          <reporter-output>
          </reporter-output>
        </test-method> <!-- teardown -->
      </class> <!-- Academy.E2Eproject.validatetitle -->
    </test> <!-- Title -->
    <test started-at="2021-09-25T23:12:33 IST" name="Help" finished-at="2021-09-25T23:12:42 IST" duration-ms="9115">
      <class name="Academy.E2Eproject.Help">
        <test-method is-config="true" signature="initialize()[pri:0, instance:Academy.E2Eproject.Help@6986bbaf]" started-at="2021-09-25T23:12:33 IST" name="initialize" finished-at="2021-09-25T23:12:39 IST" duration-ms="6750" status="PASS">
          <reporter-output>
          </reporter-output>
        </test-method> <!-- initialize -->
        <test-method signature="Help_U()[pri:0, instance:Academy.E2Eproject.Help@6986bbaf]" started-at="2021-09-25T23:12:39 IST" name="Help_U" finished-at="2021-09-25T23:12:40 IST" duration-ms="1040" status="PASS">
          <reporter-output>
          </reporter-output>
        </test-method> <!-- Help_U -->
        <test-method is-config="true" signature="teardown()[pri:0, instance:Academy.E2Eproject.Help@6986bbaf]" started-at="2021-09-25T23:12:40 IST" name="teardown" finished-at="2021-09-25T23:12:42 IST" duration-ms="1319" status="PASS">
          <reporter-output>
          </reporter-output>
        </test-method> <!-- teardown -->
      </class> <!-- Academy.E2Eproject.Help -->
    </test> <!-- Help -->
    <test started-at="2021-09-25T23:12:42 IST" name="Stores" finished-at="2021-09-25T23:12:52 IST" duration-ms="10243">
      <class name="Academy.E2Eproject.Stores">
        <test-method is-config="true" signature="initialize()[pri:0, instance:Academy.E2Eproject.Stores@4df5bcb4]" started-at="2021-09-25T23:12:42 IST" name="initialize" finished-at="2021-09-25T23:12:48 IST" duration-ms="6251" status="PASS">
          <reporter-output>
          </reporter-output>
        </test-method> <!-- initialize -->
        <test-method signature="Store1()[pri:0, instance:Academy.E2Eproject.Stores@4df5bcb4]" started-at="2021-09-25T23:12:48 IST" name="Store1" finished-at="2021-09-25T23:12:50 IST" duration-ms="2246" status="PASS">
          <reporter-output>
          </reporter-output>
        </test-method> <!-- Store1 -->
        <test-method signature="StoreText()[pri:0, instance:Academy.E2Eproject.Stores@4df5bcb4]" started-at="2021-09-25T23:12:50 IST" name="StoreText" finished-at="2021-09-25T23:12:52 IST" duration-ms="1740" status="PASS">
          <reporter-output>
          </reporter-output>
        </test-method> <!-- StoreText -->
      </class> <!-- Academy.E2Eproject.Stores -->
    </test> <!-- Stores -->
    <test started-at="2021-09-25T23:12:52 IST" name="Bulk" finished-at="2021-09-25T23:13:05 IST" duration-ms="12420">
      <class name="Academy.E2Eproject.Bulk">
        <test-method is-config="true" signature="initialize()[pri:0, instance:Academy.E2Eproject.Bulk@736caf7a]" started-at="2021-09-25T23:12:52 IST" name="initialize" finished-at="2021-09-25T23:12:59 IST" duration-ms="7196" status="PASS">
          <reporter-output>
          </reporter-output>
        </test-method> <!-- initialize -->
        <test-method signature="A_Bulk()[pri:0, instance:Academy.E2Eproject.Bulk@736caf7a]" started-at="2021-09-25T23:12:59 IST" name="A_Bulk" finished-at="2021-09-25T23:13:03 IST" duration-ms="3408" status="PASS">
          <reporter-output>
          </reporter-output>
        </test-method> <!-- A_Bulk -->
        <test-method signature="BulkText()[pri:0, instance:Academy.E2Eproject.Bulk@736caf7a]" started-at="2021-09-25T23:13:03 IST" name="BulkText" finished-at="2021-09-25T23:13:05 IST" duration-ms="1811" status="PASS">
          <reporter-output>
          </reporter-output>
        </test-method> <!-- BulkText -->
      </class> <!-- Academy.E2Eproject.Bulk -->
    </test> <!-- Bulk -->
    <test started-at="2021-09-25T23:13:05 IST" name="Gift" finished-at="2021-09-25T23:13:17 IST" duration-ms="12679">
      <class name="Academy.E2Eproject.Gift">
        <test-method is-config="true" signature="initialize()[pri:0, instance:Academy.E2Eproject.Gift@3212a8d7]" started-at="2021-09-25T23:13:05 IST" name="initialize" finished-at="2021-09-25T23:13:12 IST" duration-ms="7608" status="PASS">
          <reporter-output>
          </reporter-output>
        </test-method> <!-- initialize -->
        <test-method signature="A_Gift()[pri:0, instance:Academy.E2Eproject.Gift@3212a8d7]" started-at="2021-09-25T23:13:12 IST" name="A_Gift" finished-at="2021-09-25T23:13:15 IST" duration-ms="3211" status="PASS">
          <reporter-output>
          </reporter-output>
        </test-method> <!-- A_Gift -->
        <test-method signature="GiftText()[pri:0, instance:Academy.E2Eproject.Gift@3212a8d7]" started-at="2021-09-25T23:13:15 IST" name="GiftText" finished-at="2021-09-25T23:13:17 IST" duration-ms="1856" status="PASS">
          <reporter-output>
          </reporter-output>
        </test-method> <!-- GiftText -->
      </class> <!-- Academy.E2Eproject.Gift -->
    </test> <!-- Gift -->
    <test started-at="2021-09-25T23:13:17 IST" name="Sale" finished-at="2021-09-25T23:13:28 IST" duration-ms="11129">
      <class name="Academy.E2Eproject.Sale">
        <test-method is-config="true" signature="initialize()[pri:0, instance:Academy.E2Eproject.Sale@7203c7ff]" started-at="2021-09-25T23:13:17 IST" name="initialize" finished-at="2021-09-25T23:13:24 IST" duration-ms="7012" status="PASS">
          <reporter-output>
          </reporter-output>
        </test-method> <!-- initialize -->
        <test-method signature="Sale_f()[pri:0, instance:Academy.E2Eproject.Sale@7203c7ff]" started-at="2021-09-25T23:13:24 IST" name="Sale_f" finished-at="2021-09-25T23:13:28 IST" duration-ms="4115" status="PASS">
          <reporter-output>
          </reporter-output>
        </test-method> <!-- Sale_f -->
      </class> <!-- Academy.E2Eproject.Sale -->
    </test> <!-- Sale -->
    <test started-at="2021-09-25T23:13:28 IST" name="Bar" finished-at="2021-09-25T23:13:40 IST" duration-ms="11113">
      <class name="Academy.E2Eproject.Bar">
        <test-method is-config="true" signature="initialize()[pri:0, instance:Academy.E2Eproject.Bar@39fcbef6]" started-at="2021-09-25T23:13:28 IST" name="initialize" finished-at="2021-09-25T23:13:36 IST" duration-ms="7177" status="PASS">
          <reporter-output>
          </reporter-output>
        </test-method> <!-- initialize -->
        <test-method signature="AC_storage()[pri:0, instance:Academy.E2Eproject.Bar@39fcbef6]" started-at="2021-09-25T23:13:36 IST" name="AC_storage" finished-at="2021-09-25T23:13:36 IST" duration-ms="449" status="PASS">
          <reporter-output>
          </reporter-output>
        </test-method> <!-- AC_storage -->
        <test-method signature="C_Bar()[pri:0, instance:Academy.E2Eproject.Bar@39fcbef6]" started-at="2021-09-25T23:13:36 IST" name="C_Bar" finished-at="2021-09-25T23:13:38 IST" duration-ms="1658" status="PASS">
          <reporter-output>
          </reporter-output>
        </test-method> <!-- C_Bar -->
        <test-method signature="C_check()[pri:0, instance:Academy.E2Eproject.Bar@39fcbef6]" started-at="2021-09-25T23:13:38 IST" name="C_check" finished-at="2021-09-25T23:13:40 IST" duration-ms="1822" status="PASS">
          <reporter-output>
          </reporter-output>
        </test-method> <!-- C_check -->
      </class> <!-- Academy.E2Eproject.Bar -->
    </test> <!-- Bar -->
    <test started-at="2021-09-25T23:13:40 IST" name="About" finished-at="2021-09-25T23:13:49 IST" duration-ms="9808">
      <class name="Academy.E2Eproject.About">
        <test-method is-config="true" signature="initialize()[pri:0, instance:Academy.E2Eproject.About@79351f41]" started-at="2021-09-25T23:13:40 IST" name="initialize" finished-at="2021-09-25T23:13:47 IST" duration-ms="7154" status="PASS">
          <reporter-output>
          </reporter-output>
        </test-method> <!-- initialize -->
        <test-method signature="AboutUs()[pri:0, instance:Academy.E2Eproject.About@79351f41]" started-at="2021-09-25T23:13:47 IST" name="AboutUs" finished-at="2021-09-25T23:13:48 IST" duration-ms="1216" status="PASS">
          <reporter-output>
          </reporter-output>
        </test-method> <!-- AboutUs -->
        <test-method signature="get_text()[pri:0, instance:Academy.E2Eproject.About@79351f41]" started-at="2021-09-25T23:13:48 IST" name="get_text" finished-at="2021-09-25T23:13:49 IST" duration-ms="1433" status="PASS">
          <reporter-output>
          </reporter-output>
        </test-method> <!-- get_text -->
      </class> <!-- Academy.E2Eproject.About -->
    </test> <!-- About -->
    <test started-at="2021-09-25T23:13:49 IST" name="Search" finished-at="2021-09-25T23:14:01 IST" duration-ms="11158">
      <class name="Academy.E2Eproject.Search">
        <test-method is-config="true" signature="initialize()[pri:0, instance:Academy.E2Eproject.Search@1e0f9063]" started-at="2021-09-25T23:13:49 IST" name="initialize" finished-at="2021-09-25T23:13:56 IST" duration-ms="6367" status="PASS">
          <reporter-output>
          </reporter-output>
        </test-method> <!-- initialize -->
        <test-method signature="Search1()[pri:0, instance:Academy.E2Eproject.Search@1e0f9063]" started-at="2021-09-25T23:13:56 IST" name="Search1" finished-at="2021-09-25T23:14:01 IST" duration-ms="4789" status="PASS">
          <reporter-output>
          </reporter-output>
        </test-method> <!-- Search1 -->
      </class> <!-- Academy.E2Eproject.Search -->
    </test> <!-- Search -->
    <test started-at="2021-09-25T23:14:01 IST" name="Customer_stories" finished-at="2021-09-25T23:14:11 IST" duration-ms="10157">
      <class name="Academy.E2Eproject.CustomerStory">
        <test-method is-config="true" signature="initialize()[pri:0, instance:Academy.E2Eproject.CustomerStory@3ed242a4]" started-at="2021-09-25T23:14:01 IST" name="initialize" finished-at="2021-09-25T23:14:08 IST" duration-ms="7333" status="PASS">
          <reporter-output>
          </reporter-output>
        </test-method> <!-- initialize -->
        <test-method signature="Customer()[pri:0, instance:Academy.E2Eproject.CustomerStory@3ed242a4]" started-at="2021-09-25T23:14:08 IST" name="Customer" finished-at="2021-09-25T23:14:09 IST" duration-ms="1415" status="PASS">
          <reporter-output>
          </reporter-output>
        </test-method> <!-- Customer -->
        <test-method signature="GiftText()[pri:0, instance:Academy.E2Eproject.CustomerStory@3ed242a4]" started-at="2021-09-25T23:14:09 IST" name="GiftText" finished-at="2021-09-25T23:14:11 IST" duration-ms="1405" status="PASS">
          <reporter-output>
          </reporter-output>
        </test-method> <!-- GiftText -->
      </class> <!-- Academy.E2Eproject.CustomerStory -->
    </test> <!-- Customer_stories -->
  </suite> <!-- Suite -->
</testng-results>
