<?xml version="1.0" encoding="UTF-8"?>
<testng-results ignored="0" total="1" passed="1" failed="0" skipped="0">
  <reporter-output>
  </reporter-output>
  <suite started-at="2021-09-23T00:23:49 IST" name="Suite" finished-at="2021-09-23T00:23:56 IST" duration-ms="6832">
    <groups>
    </groups>
    <test started-at="2021-09-23T00:23:49 IST" name="App" finished-at="2021-09-23T00:23:56 IST" duration-ms="6832">
      <class name="Academy.E2Eproject.validatetitle">
        <test-method is-config="true" signature="initialize()[pri:0, instance:Academy.E2Eproject.validatetitle@4b3ed2f0]" started-at="2021-09-23T00:23:49 IST" name="initialize" finished-at="2021-09-23T00:23:55 IST" duration-ms="5773" status="PASS">
          <reporter-output>
          </reporter-output>
        </test-method> <!-- initialize -->
        <test-method signature="basePageNavigation()[pri:0, instance:Academy.E2Eproject.validatetitle@4b3ed2f0]" started-at="2021-09-23T00:23:55 IST" name="basePageNavigation" finished-at="2021-09-23T00:23:55 IST" duration-ms="21" status="PASS">
          <reporter-output>
          </reporter-output>
        </test-method> <!-- basePageNavigation -->
        <test-method is-config="true" signature="teardown()[pri:0, instance:Academy.E2Eproject.validatetitle@4b3ed2f0]" started-at="2021-09-23T00:23:55 IST" name="teardown" finished-at="2021-09-23T00:23:56 IST" duration-ms="974" status="PASS">
          <reporter-output>
          </reporter-output>
        </test-method> <!-- teardown -->
      </class> <!-- Academy.E2Eproject.validatetitle -->
    </test> <!-- App -->
  </suite> <!-- Suite -->
</testng-results>
