<?xml version="1.0" encoding="UTF-8"?>
<!-- Generated by org.testng.reporters.JUnitXMLReporter -->
<testsuite ignored="0" hostname="BT1707295" failures="1" tests="1" name="Title" time="10.517" errors="0" timestamp="2021-09-25T23:12:33 IST">
  <testcase classname="Academy.E2Eproject.validatetitle" name="basePageNavigation" time="0.033">
    <failure type="java.lang.AssertionError" message="expected [true] but found [false]">
      <![CDATA[java.lang.AssertionError: expected [true] but found [false]
at Academy.E2Eproject.validatetitle.basePageNavigation(validatetitle.java:43)
at java.base/java.util.ArrayList.forEach(ArrayList.java:1511)
... Removed 31 stack frames]]>
    </failure>
  </testcase> <!-- basePageNavigation -->
</testsuite> <!-- Title -->
