<?xml version="1.0" encoding="UTF-8"?>
<!-- Generated by org.testng.reporters.JUnitXMLReporter -->
<testsuite hostname="BT1707295" ignored="0" name="Test" tests="4" failures="0" timestamp="24 Aug 2021 08:05:32 GMT" time="28.323" errors="0">
  <testcase name="@AfterTest teardown" time="0.019" classname="Academy.E2Eproject.validatetitle">
    <failure type="org.openqa.selenium.NoSuchSessionException" message="Tried to run command without establishing a connection
Build info: version: &amp;apos;3.141.59&amp;apos;, revision: &amp;apos;e82be7d358&amp;apos;, time: &amp;apos;2018-11-14T08:17:03&amp;apos;
System info: host: &amp;apos;BT1707295&amp;apos;, ip: &amp;apos;192.168.29.201&amp;apos;, os.name: &amp;apos;Windows 10&amp;apos;, os.arch: &amp;apos;amd64&amp;apos;, os.version: &amp;apos;10.0&amp;apos;, java.version: &amp;apos;1.8.0_144&amp;apos;
Driver info: org.openqa.selenium.firefox.FirefoxDriver
Capabilities {acceptInsecureCerts: true, browserName: firefox, browserVersion: 91.0.1, javascriptEnabled: true, moz:accessibilityChecks: false, moz:buildID: 20210816143654, moz:geckodriverVersion: 0.29.1, moz:headless: false, moz:processID: 12300, moz:profile: C:\Users\KIIT\AppData\Local..., moz:shutdownTimeout: 60000, moz:useNonSpecCompliantPointerOrigin: false, moz:webdriverClick: true, pageLoadStrategy: normal, platform: WINDOWS, platformName: WINDOWS, platformVersion: 10.0, proxy: Proxy(), setWindowRect: true, strictFileInteractability: false, timeouts: {implicit: 0, pageLoad: 300000, script: 30000}, unhandledPromptBehavior: dismiss and notify}
Session ID: ee82d631-80ec-42cc-999c-41cb7c6a73d6">
      <![CDATA[org.openqa.selenium.NoSuchSessionException: Tried to run command without establishing a connection
Build info: version: '3.141.59', revision: 'e82be7d358', time: '2018-11-14T08:17:03'
System info: host: 'BT1707295', ip: '192.168.29.201', os.name: 'Windows 10', os.arch: 'amd64', os.version: '10.0', java.version: '1.8.0_144'
Driver info: org.openqa.selenium.firefox.FirefoxDriver
Capabilities {acceptInsecureCerts: true, browserName: firefox, browserVersion: 91.0.1, javascriptEnabled: true, moz:accessibilityChecks: false, moz:buildID: 20210816143654, moz:geckodriverVersion: 0.29.1, moz:headless: false, moz:processID: 12300, moz:profile: C:\Users\KIIT\AppData\Local..., moz:shutdownTimeout: 60000, moz:useNonSpecCompliantPointerOrigin: false, moz:webdriverClick: true, pageLoadStrategy: normal, platform: WINDOWS, platformName: WINDOWS, platformVersion: 10.0, proxy: Proxy(), setWindowRect: true, strictFileInteractability: false, timeouts: {implicit: 0, pageLoad: 300000, script: 30000}, unhandledPromptBehavior: dismiss and notify}
Session ID: ee82d631-80ec-42cc-999c-41cb7c6a73d6
at org.openqa.selenium.remote.http.W3CHttpResponseCodec.createException(W3CHttpResponseCodec.java:187)
at org.openqa.selenium.remote.http.W3CHttpResponseCodec.decode(W3CHttpResponseCodec.java:122)
at org.openqa.selenium.remote.http.W3CHttpResponseCodec.decode(W3CHttpResponseCodec.java:49)
at org.openqa.selenium.remote.HttpCommandExecutor.execute(HttpCommandExecutor.java:158)
at org.openqa.selenium.remote.service.DriverCommandExecutor.execute(DriverCommandExecutor.java:83)
at org.openqa.selenium.remote.RemoteWebDriver.execute(RemoteWebDriver.java:552)
at org.openqa.selenium.remote.RemoteWebDriver.execute(RemoteWebDriver.java:609)
at org.openqa.selenium.remote.RemoteWebDriver.close(RemoteWebDriver.java:442)
at Academy.E2Eproject.validatetitle.teardown(validatetitle.java:44)
... Removed 32 stack frames]]>
    </failure>
  </testcase> <!-- @AfterTest teardown -->
  <testcase name="basePageNavigation" time="0.183" classname="Academy.E2Eproject.validatenavbar"/>
  <testcase name="basePageNavigation" time="0.048" classname="Academy.E2Eproject.validatetitle"/>
  <testcase name="basePageNavigation" time="4.839" classname="Academy.E2Eproject.Homepage"/>
  <testcase name="basePageNavigation" time="1.636" classname="Academy.E2Eproject.Homepage"/>
</testsuite> <!-- Test -->
