<?xml version="1.0" encoding="UTF-8"?>
<testsuite xmlns:xsi="http://www.w3.org/2001/XMLSchema-instance" xsi:noNamespaceSchemaLocation="https://maven.apache.org/surefire/maven-surefire-plugin/xsd/surefire-test-report-3.0.xsd" version="3.0" name="TestSuite" time="34.924" tests="4" errors="0" skipped="0" failures="0">
  <properties>
[...]
</properties>
  <testcase name="basePageNavigation" classname="Academy.E2Eproject.validatenavbar" time="0.151">
    <system-out><![CDATA[[TestNGContentHandler] [WARN] It is strongly recommended to add "<!DOCTYPE suite SYSTEM "http://testng.org/testng-1.0.dtd" >" at the top of your file, otherwise TestNG may fail or not work as expected.
Passed Listener
]]></system-out>
    <system-err><![CDATA[1629813944848	geckodriver	INFO	Listening on 127.0.0.1:35072
1629813945653	mozrunner::runner	INFO	Running command: "C:\\Program Files (x86)\\Mozilla Firefox\\firefox.exe" "--marionette" "-foreground" "-no-remote" "-profile" "C:\\Users\\KIIT\\AppData\\Local\\Temp\\rust_mozprofile4VQ9NM"
1629813946405	Marionette	INFO	Marionette enabled
console.warn: SearchSettings: "get: No settings file exists, new profile?" (new NotFoundError("Could not open the file at C:\\Users\\KIIT\\AppData\\Local\\Temp\\rust_mozprofile4VQ9NM\\search.json.mozlz4", (void 0)))
1629813949708	Marionette	INFO	Listening on port 51238
1629813949884	RemoteAgent	WARN	TLS certificate errors will be ignored for this session
Aug 24, 2021 7:35:49 PM org.openqa.selenium.remote.ProtocolHandshake createSession
INFO: Detected dialect: W3C
]]></system-err>
  </testcase>
  <testcase name="basePageNavigation" classname="Academy.E2Eproject.validatetitle" time="0.075">
    <system-out><![CDATA[Passed Listener
]]></system-out>
    <system-err><![CDATA[1629813953326	Marionette	INFO	Stopped listening on port 51238
JavaScript error: resource:///modules/Interactions.jsm, line 209: NS_ERROR_FAILURE: Component returned failure code: 0x80004005 (NS_ERROR_FAILURE) [nsIUserIdleService.removeIdleObserver]

###!!! [Parent][MessageChannel] Error: (msgtype=0x390076,name=PContent::Msg_DestroyBrowsingContextGroup) Closed channel: cannot send/recv

JavaScript error: resource://gre/modules/Sqlite.jsm, line 1030: Error: Sqlite.jsm has been shutdown. Cannot open connection to: C:\Users\KIIT\AppData\Local\Temp\rust_mozprofile4VQ9NM\protections.sqlite

###!!! [Child][RunMessage] Error: Channel closing: too late to send/recv, messages will be lost


###!!! [Child][RunMessage] Error: Channel closing: too late to send/recv, messages will be lost


###!!! [Child][RunMessage] Error: Channel closing: too late to send/recv, messages will be lost


###!!! [Child][RunMessage] Error: Channel closing: too late to send/recv, messages will be lost

1629813954793	geckodriver	INFO	Listening on 127.0.0.1:13015
1629813955268	mozrunner::runner	INFO	Running command: "C:\\Program Files (x86)\\Mozilla Firefox\\firefox.exe" "--marionette" "-foreground" "-no-remote" "-profile" "C:\\Users\\KIIT\\AppData\\Local\\Temp\\rust_mozprofileYWrcdU"
1629813956298	Marionette	INFO	Marionette enabled
console.warn: SearchSettings: "get: No settings file exists, new profile?" (new NotFoundError("Could not open the file at C:\\Users\\KIIT\\AppData\\Local\\Temp\\rust_mozprofileYWrcdU\\search.json.mozlz4", (void 0)))
1629813959732	Marionette	INFO	Listening on port 51315
1629813960167	RemoteAgent	WARN	TLS certificate errors will be ignored for this session
Aug 24, 2021 7:36:00 PM org.openqa.selenium.remote.ProtocolHandshake createSession
INFO: Detected dialect: W3C
]]></system-err>
  </testcase>
  <testcase name="basePageNavigation[nonrestricteduser@gmail.com, 123456, Restricted user](1)" classname="Academy.E2Eproject.Homepage" time="4.21">
    <system-out><![CDATA[Passed Listener
]]></system-out>
    <system-err><![CDATA[1629813963028	Marionette	INFO	Stopped listening on port 51315
JavaScript error: resource:///modules/Interactions.jsm, line 209: NS_ERROR_FAILURE: Component returned failure code: 0x80004005 (NS_ERROR_FAILURE) [nsIUserIdleService.removeIdleObserver]

###!!! [Child][MessageChannel] Error: (msgtype=0x590008,name=PHttpChannel::Msg_DeletingChannel) Channel closing: too late to send/recv, messages will be lost


###!!! [Parent][MessageChannel] Error: (msgtype=0x390076,name=PContent::Msg_DestroyBrowsingContextGroup) Closed channel: cannot send/recv

JavaScript error: resource://gre/modules/Sqlite.jsm, line 1030: Error: Sqlite.jsm has been shutdown. Cannot open connection to: C:\Users\KIIT\AppData\Local\Temp\rust_mozprofileYWrcdU\protections.sqlite

###!!! [Child][RunMessage] Error: Channel closing: too late to send/recv, messages will be lost


###!!! [Child][RunMessage] Error: Channel closing: too late to send/recv, messages will be lost


###!!! [Child][RunMessage] Error: Channel closing: too late to send/recv, messages will be lost


###!!! [Child][RunMessage] Error: Channel closing: too late to send/recv, messages will be lost

1629813964480	geckodriver	INFO	Listening on 127.0.0.1:37981
1629813964957	mozrunner::runner	INFO	Running command: "C:\\Program Files (x86)\\Mozilla Firefox\\firefox.exe" "--marionette" "-foreground" "-no-remote" "-profile" "C:\\Users\\KIIT\\AppData\\Local\\Temp\\rust_mozprofileaTtC0p"
1629813965704	Marionette	INFO	Marionette enabled
console.warn: SearchSettings: "get: No settings file exists, new profile?" (new NotFoundError("Could not open the file at C:\\Users\\KIIT\\AppData\\Local\\Temp\\rust_mozprofileaTtC0p\\search.json.mozlz4", (void 0)))
1629813969539	Marionette	INFO	Listening on port 56805
1629813969839	RemoteAgent	WARN	TLS certificate errors will be ignored for this session
Aug 24, 2021 7:36:09 PM org.openqa.selenium.remote.ProtocolHandshake createSession
INFO: Detected dialect: W3C
]]></system-err>
  </testcase>
  <testcase name="basePageNavigation[restricteduser@gmail.com, 4567890, Non restricted user](2)" classname="Academy.E2Eproject.Homepage" time="1.959">
    <system-out><![CDATA[Passed Listener
]]></system-out>
  </testcase>
</testsuite>